.\" Generated by scdoc 1.11.3
.\" Complete documentation for this program is not available as a GNU info page
.ie \n(.g .ds Aq \(aq
.el       .ds Aq '
.nh
.ad l
.\" Begin generated content:
.TH "wayshot" "7" "2025-03-26" "github.com/waycrate/wayshot" "Miscellaneous Information Manual"
.PP
.SH NAME
.PP
Wayshot - Screenshot tool for compositors implementing zwlr_screencopy_v1 such as sway and river
.PP
.SH SYNOPSIS
.PP
\fBwayshot\fR [\fIoptions\fR] [\fIoutput\fR]
.PP
.SH REGION SELECTION
wayshot -s
.PP
.SH CAPTURE FULLSCREEN
.PP
wayshot
.PP
.SH CUSTOM FILE PATH AND EXTENSION
.PP
wayshot .\&.\&/screenshot.\&png --extension ppm
.PP
.SH SCREENSHOT AND COPY TO CLIPBOARD
.PP
wayshot --clipboard
.PP
.SH SCREENSHOT A PARTICULAR DISPLAY
.PP
wayshot -l # Pick any output name from the following.\& We use eDP-1 for this example.\&
wayshot -o eDP-1
.PP
.SH PICK A HEX COLOR CODE, USING IMAGEMAGICk
.PP
wayshot -s - | convert - -format '\&%[pixel:p{0,0}]'\& txt:-|grep -E "#([A-Fa-f0-9]{6}|[A-Fa-f0-9]{3})" -o
.PP
.SH PICK A HEX COLOR CODE WITHOUT USING IMAGEMAGICK
.PP
wayshot -s - --encoding ppm | tail -c 3 | od -An -tuC | xargs printf '\&#%02X%02X%02Xn'\&
.PP
.SH PICK A COLOR, USING IMAGEMAGICK
.PP
wayshot -s - | convert - -format '\&%[pixel:p{0,0}]'\& txt:-
.PP
.SH AUTHORS
.PP
Maintained by Shinyzenith <aakashsensharma@gmail.\&com>.\&
For more information about development, see <https://github.\&com/waycrate/wayshot>.\&
